Watching for file changes with StatReloader
[17/Nov/2025 21:52:50] "GET / HTTP/1.0" 200 3819
[17/Nov/2025 21:52:50] "GET /static/core/css/style.css HTTP/1.0" 304 0
[17/Nov/2025 21:52:50] "GET /static/core/img/logo-ticketef.png HTTP/1.0" 304 0
[17/Nov/2025 21:52:50] "GET /static/core/img/social/linkedin.png HTTP/1.0" 304 0
[17/Nov/2025 21:52:50] "GET /static/core/img/logo-footer.png HTTP/1.0" 304 0
[17/Nov/2025 21:52:50] "GET /static/core/img/social/instagram.png HTTP/1.0" 304 0
[17/Nov/2025 21:52:50] "GET /static/core/img/social/facebook.png HTTP/1.0" 304 0
[17/Nov/2025 21:52:50] "GET /static/core/img/social/tiktok.png HTTP/1.0" 304 0
[17/Nov/2025 21:52:50] "GET /static/core/img/social/x.png HTTP/1.0" 304 0
[17/Nov/2025 21:52:50] "GET /static/core/video/fondo.mp4 HTTP/1.0" 304 0
[17/Nov/2025 21:58:20] "GET / HTTP/1.0" 200 3819
[17/Nov/2025 21:58:20] "GET /static/core/css/style.css HTTP/1.0" 200 11913
[17/Nov/2025 21:58:21] "GET /static/core/img/logo-footer.png HTTP/1.0" 200 12716
[17/Nov/2025 21:58:21] "GET /static/core/img/logo-ticketef.png HTTP/1.0" 200 16085
[17/Nov/2025 21:58:21] "GET /static/core/img/social/tiktok.png HTTP/1.0" 200 335
[17/Nov/2025 21:58:22] "GET /static/core/video/fondo.mp4 HTTP/1.0" 200 5901386
[17/Nov/2025 21:58:22] "GET /static/core/img/social/facebook.png HTTP/1.0" 200 277
[17/Nov/2025 21:58:22] "GET /static/core/img/social/instagram.png HTTP/1.0" 200 431
[17/Nov/2025 21:58:24] "GET /static/core/img/social/x.png HTTP/1.0" 200 438
[17/Nov/2025 21:58:24] "GET /static/core/img/social/linkedin.png HTTP/1.0" 200 290
Not Found: /favicon.ico
[17/Nov/2025 21:58:24] "GET /favicon.ico HTTP/1.0" 404 4649
[17/Nov/2025 21:58:37] "GET / HTTP/1.0" 200 3819
Watching for file changes with StatReloader
[17/Nov/2025 22:06:51] "GET / HTTP/1.0" 200 3819
[17/Nov/2025 22:06:51] "GET /static/core/css/style.css HTTP/1.0" 304 0
[17/Nov/2025 22:06:51] "GET /static/core/img/logo-ticketef.png HTTP/1.0" 304 0
[17/Nov/2025 22:06:51] "GET /static/core/img/logo-footer.png HTTP/1.0" 304 0
[17/Nov/2025 22:06:51] "GET /static/core/img/social/facebook.png HTTP/1.0" 304 0
[17/Nov/2025 22:06:51] "GET /static/core/img/social/linkedin.png HTTP/1.0" 304 0
[17/Nov/2025 22:06:51] "GET /static/core/img/social/tiktok.png HTTP/1.0" 304 0
[17/Nov/2025 22:06:51] "GET /static/core/img/social/instagram.png HTTP/1.0" 304 0
[17/Nov/2025 22:06:51] "GET /static/core/img/social/x.png HTTP/1.0" 304 0
[17/Nov/2025 22:06:51] "GET /static/core/video/fondo.mp4 HTTP/1.0" 304 0
[17/Nov/2025 22:06:54] "GET /admin HTTP/1.0" 301 0
[17/Nov/2025 22:06:54] "GET /admin/ HTTP/1.0" 302 0
[17/Nov/2025 22:06:54] "GET /admin/login/?next=/admin/ HTTP/1.0" 200 4175
[17/Nov/2025 22:06:54] "GET /static/admin/css/base.css HTTP/1.0" 200 22120
[17/Nov/2025 22:06:54] "GET /static/admin/css/login.css HTTP/1.0" 200 951
[17/Nov/2025 22:06:54] "GET /static/admin/css/dark_mode.css HTTP/1.0" 200 2808
[17/Nov/2025 22:06:54] "GET /static/admin/css/responsive.css HTTP/1.0" 200 16565
[17/Nov/2025 22:06:54] "GET /static/admin/css/nav_sidebar.css HTTP/1.0" 200 2810
[17/Nov/2025 22:06:54] "GET /static/admin/js/theme.js HTTP/1.0" 200 1653
[17/Nov/2025 22:06:54] "GET /static/admin/js/nav_sidebar.js HTTP/1.0" 200 3063
[17/Nov/2025 22:07:09] "POST /admin/login/?next=/admin/ HTTP/1.0" 302 0
[17/Nov/2025 22:07:09] "GET /admin/ HTTP/1.0" 200 7844
[17/Nov/2025 22:07:09] "GET /static/admin/css/dashboard.css HTTP/1.0" 200 441
[17/Nov/2025 22:07:09] "GET /static/admin/img/icon-changelink.svg HTTP/1.0" 200 380
[17/Nov/2025 22:07:09] "GET /static/admin/img/icon-addlink.svg HTTP/1.0" 200 331
[17/Nov/2025 22:09:33] "GET / HTTP/1.0" 200 4640
[17/Nov/2025 22:09:43] "GET /orders/ HTTP/1.0" 302 0
[17/Nov/2025 22:09:44] "GET /accounts/admin/select-account/ HTTP/1.0" 200 4122
[17/Nov/2025 22:09:46] "GET /accounts/admin/select-account/ HTTP/1.0" 200 4122
Watching for file changes with StatReloader
[17/Nov/2025 23:07:03] "GET / HTTP/1.0" 200 3819
[17/Nov/2025 23:07:03] "GET /static/core/img/logo-ticketef.png HTTP/1.0" 304 0
[17/Nov/2025 23:07:04] "GET /static/core/img/logo-footer.png HTTP/1.0" 304 0
[17/Nov/2025 23:07:04] "GET /static/core/css/style.css HTTP/1.0" 304 0
[17/Nov/2025 23:07:04] "GET /static/core/img/social/instagram.png HTTP/1.0" 304 0
[17/Nov/2025 23:07:04] "GET /static/core/img/social/facebook.png HTTP/1.0" 304 0
[17/Nov/2025 23:07:04] "GET /static/core/img/social/x.png HTTP/1.0" 304 0
[17/Nov/2025 23:07:04] "GET /static/core/img/social/linkedin.png HTTP/1.0" 304 0
[17/Nov/2025 23:07:04] "GET /static/core/img/social/tiktok.png HTTP/1.0" 304 0
[17/Nov/2025 23:07:04] "GET /static/core/video/fondo.mp4 HTTP/1.0" 304 0
Watching for file changes with StatReloader
[17/Nov/2025 23:09:22] "GET / HTTP/1.0" 200 3819
[17/Nov/2025 23:11:40] "GET /static/core/video/fondo.mp4 HTTP/1.0" 200 5901386
Not Found: /favicon.ico
[17/Nov/2025 23:11:40] "GET /favicon.ico HTTP/1.0" 404 4649
[17/Nov/2025 23:13:15] "GET / HTTP/1.0" 200 3819
[17/Nov/2025 23:13:15] "GET /static/core/css/style.css HTTP/1.0" 200 11913
[17/Nov/2025 23:13:15] "GET /static/core/img/logo-ticketef.png HTTP/1.0" 200 16085
[17/Nov/2025 23:13:15] "GET /static/core/img/logo-footer.png HTTP/1.0" 200 12716
[17/Nov/2025 23:13:15] "GET /static/core/img/social/instagram.png HTTP/1.0" 200 431
[17/Nov/2025 23:13:15] "GET /static/core/img/social/facebook.png HTTP/1.0" 200 277
[17/Nov/2025 23:13:15] "GET /static/core/img/social/x.png HTTP/1.0" 200 438
[17/Nov/2025 23:13:15] "GET /static/core/img/social/linkedin.png HTTP/1.0" 200 290
[17/Nov/2025 23:13:15] "GET /static/core/img/social/tiktok.png HTTP/1.0" 200 335
[17/Nov/2025 23:13:15] "GET /static/core/video/fondo.mp4 HTTP/1.0" 200 5901386
Not Found: /favicon.ico
[17/Nov/2025 23:13:17] "GET /favicon.ico HTTP/1.0" 404 4649
[17/Nov/2025 23:13:19] "GET / HTTP/1.0" 200 3819
[17/Nov/2025 23:13:19] "GET /static/core/img/logo-ticketef.png HTTP/1.0" 200 16085
[17/Nov/2025 23:13:19] "GET /static/core/css/style.css HTTP/1.0" 200 11913
[17/Nov/2025 23:13:19] "GET /static/core/img/logo-footer.png HTTP/1.0" 200 12716
[17/Nov/2025 23:13:19] "GET /static/core/img/social/instagram.png HTTP/1.0" 200 431
[17/Nov/2025 23:13:19] "GET /static/core/img/social/facebook.png HTTP/1.0" 200 277
[17/Nov/2025 23:13:19] "GET /static/core/img/social/x.png HTTP/1.0" 200 438
[17/Nov/2025 23:13:20] "GET /static/core/img/social/linkedin.png HTTP/1.0" 200 290
[17/Nov/2025 23:13:20] "GET /static/core/img/social/tiktok.png HTTP/1.0" 200 335
[17/Nov/2025 23:13:20] "GET /static/core/video/fondo.mp4 HTTP/1.0" 200 5901386
Not Found: /favicon.ico
[17/Nov/2025 23:13:22] "GET /favicon.ico HTTP/1.0" 404 4649
[17/Nov/2025 23:13:59] "GET / HTTP/1.0" 200 3819
[17/Nov/2025 23:14:00] "GET /static/core/img/logo-ticketef.png HTTP/1.0" 200 16085
[17/Nov/2025 23:14:00] "GET /static/core/css/style.css HTTP/1.0" 200 11913
[17/Nov/2025 23:14:00] "GET /static/core/img/logo-footer.png HTTP/1.0" 200 12716
[17/Nov/2025 23:14:00] "GET /static/core/img/social/instagram.png HTTP/1.0" 200 431
[17/Nov/2025 23:14:00] "GET /static/core/img/social/x.png HTTP/1.0" 200 438
[17/Nov/2025 23:14:00] "GET /static/core/img/social/facebook.png HTTP/1.0" 200 277
[17/Nov/2025 23:14:00] "GET /static/core/img/social/linkedin.png HTTP/1.0" 200 290
[17/Nov/2025 23:14:00] "GET /static/core/img/social/tiktok.png HTTP/1.0" 200 335
[17/Nov/2025 23:14:00] "GET /static/core/video/fondo.mp4 HTTP/1.0" 200 5901386
Not Found: /favicon.ico
[17/Nov/2025 23:14:01] "GET /favicon.ico HTTP/1.0" 404 4649
[17/Nov/2025 23:14:02] "GET / HTTP/1.0" 200 3819
[17/Nov/2025 23:15:09] "GET / HTTP/1.0" 200 3819
[17/Nov/2025 23:15:09] "GET /static/core/css/style.css HTTP/1.0" 200 11913
[17/Nov/2025 23:15:09] "GET /static/core/img/logo-ticketef.png HTTP/1.0" 200 16085
[17/Nov/2025 23:15:09] "GET /static/core/img/logo-footer.png HTTP/1.0" 200 12716
[17/Nov/2025 23:15:09] "GET /static/core/video/fondo.mp4 HTTP/1.0" 200 5901386
[17/Nov/2025 23:15:09] "GET /static/core/img/social/instagram.png HTTP/1.0" 200 431
[17/Nov/2025 23:15:09] "GET /static/core/img/social/linkedin.png HTTP/1.0" 200 290
[17/Nov/2025 23:15:10] "GET /static/core/img/social/tiktok.png HTTP/1.0" 200 335
[17/Nov/2025 23:15:10] "GET /static/core/img/social/facebook.png HTTP/1.0" 200 277
[17/Nov/2025 23:15:10] "GET /static/core/img/social/x.png HTTP/1.0" 200 438
[17/Nov/2025 23:18:10] "GET / HTTP/1.1" 200 3819
Not Found: /favicon.ico
[17/Nov/2025 23:18:10] "GET /favicon.ico HTTP/1.1" 404 4651
Watching for file changes with StatReloader
[17/Nov/2025 23:53:25] "GET / HTTP/1.0" 200 3819
[17/Nov/2025 23:53:26] "GET /static/core/css/style.css HTTP/1.0" 200 11913
[17/Nov/2025 23:53:26] "GET /static/core/img/logo-ticketef.png HTTP/1.0" 200 16085
[17/Nov/2025 23:53:26] "GET /static/core/img/logo-footer.png HTTP/1.0" 200 12716
[17/Nov/2025 23:53:26] "GET /static/core/img/social/facebook.png HTTP/1.0" 200 277
[17/Nov/2025 23:53:26] "GET /static/core/img/social/x.png HTTP/1.0" 200 438
[17/Nov/2025 23:53:26] "GET /static/core/img/social/instagram.png HTTP/1.0" 200 431
[17/Nov/2025 23:53:26] "GET /static/core/img/social/linkedin.png HTTP/1.0" 200 290
[17/Nov/2025 23:53:26] "GET /static/core/img/social/tiktok.png HTTP/1.0" 200 335
[17/Nov/2025 23:53:26] "GET /static/core/video/fondo.mp4 HTTP/1.0" 200 5901386
Not Found: /favicon.ico
[17/Nov/2025 23:53:27] "GET /favicon.ico HTTP/1.0" 404 4649
[17/Nov/2025 23:53:31] "GET / HTTP/1.0" 200 3819
[17/Nov/2025 23:53:31] "GET /static/core/css/style.css HTTP/1.0" 304 0
[17/Nov/2025 23:53:32] "GET /static/core/img/logo-ticketef.png HTTP/1.0" 304 0
[17/Nov/2025 23:53:32] "GET /static/core/img/logo-footer.png HTTP/1.0" 304 0
[17/Nov/2025 23:53:32] "GET /static/core/img/social/instagram.png HTTP/1.0" 304 0
[17/Nov/2025 23:53:32] "GET /static/core/img/social/facebook.png HTTP/1.0" 304 0
[17/Nov/2025 23:53:32] "GET /static/core/img/social/x.png HTTP/1.0" 304 0
[17/Nov/2025 23:53:32] "GET /static/core/img/social/linkedin.png HTTP/1.0" 304 0
[17/Nov/2025 23:53:32] "GET /static/core/img/social/tiktok.png HTTP/1.0" 304 0
[17/Nov/2025 23:53:32] "GET /static/core/video/fondo.mp4 HTTP/1.0" 304 0
Not Found: /favicon.ico
[17/Nov/2025 23:53:32] "GET /favicon.ico HTTP/1.0" 404 4649
[17/Nov/2025 23:53:33] "GET /accounts/login/ HTTP/1.0" 200 4123
[17/Nov/2025 23:53:52] "POST /accounts/login/ HTTP/1.0" 302 0
[17/Nov/2025 23:53:52] "GET / HTTP/1.0" 200 4640
[17/Nov/2025 23:54:09] "GET /accounts/admin/select-account/ HTTP/1.0" 200 4122
[17/Nov/2025 23:54:13] "POST /accounts/admin/select-account/ HTTP/1.0" 302 0
[17/Nov/2025 23:54:13] "GET /accounts/admin/dashboard/ HTTP/1.0" 302 0
[17/Nov/2025 23:54:13] "GET /accounts/admin/select-account/ HTTP/1.0" 200 4122
[17/Nov/2025 23:54:15] "GET /accounts/super/cuentas/ HTTP/1.0" 200 4034
[17/Nov/2025 23:55:19] "GET / HTTP/1.0" 200 4640
[17/Nov/2025 23:55:21] "GET / HTTP/1.0" 200 3819
[17/Nov/2025 23:55:23] "GET /admin/ HTTP/1.0" 302 0
[17/Nov/2025 23:55:23] "GET /admin/login/?next=/admin/ HTTP/1.0" 200 4175
[17/Nov/2025 23:55:27] "POST /admin/login/?next=/admin/ HTTP/1.0" 302 0
[17/Nov/2025 23:55:27] "GET /admin/ HTTP/1.0" 200 7844
[17/Nov/2025 23:55:30] "GET / HTTP/1.0" 200 4640
[17/Nov/2025 23:55:34] "GET /accounts/super/cuentas/ HTTP/1.0" 200 4034
[17/Nov/2025 23:55:36] "GET /accounts/super/cuentas/crear/ HTTP/1.0" 200 4874
[17/Nov/2025 23:56:47] "POST /accounts/super/cuentas/crear/ HTTP/1.0" 302 0
[17/Nov/2025 23:56:47] "GET /accounts/super/cuentas/ HTTP/1.0" 200 4425
[17/Nov/2025 23:57:00] "GET /accounts/super/cuentas/e9629908-a681-4316-9f51-f00a044c2d8f/admins/ HTTP/1.0" 200 4157
[17/Nov/2025 23:57:05] "GET /accounts/super/cuentas/ HTTP/1.0" 200 4425
[17/Nov/2025 23:57:10] "GET /accounts/super/cuentas/e9629908-a681-4316-9f51-f00a044c2d8f/asignar-admin/ HTTP/1.0" 200 4778
[17/Nov/2025 23:57:34] "POST /accounts/super/cuentas/e9629908-a681-4316-9f51-f00a044c2d8f/asignar-admin/ HTTP/1.0" 302 0
[17/Nov/2025 23:57:34] "GET /accounts/super/cuentas/e9629908-a681-4316-9f51-f00a044c2d8f/admins/ HTTP/1.0" 200 5353
[17/Nov/2025 23:57:45] "GET / HTTP/1.0" 200 4640
[17/Nov/2025 23:58:04] "GET / HTTP/1.0" 200 3819
[17/Nov/2025 23:58:05] "GET /static/core/css/style.css HTTP/1.0" 200 11913
[17/Nov/2025 23:58:05] "GET /static/core/img/social/facebook.png HTTP/1.0" 200 277
[17/Nov/2025 23:58:05] "GET /static/core/img/social/instagram.png HTTP/1.0" 200 431
[17/Nov/2025 23:58:05] "GET /static/core/img/social/x.png HTTP/1.0" 200 438
[17/Nov/2025 23:58:05] "GET /static/core/img/logo-ticketef.png HTTP/1.0" 200 16085
[17/Nov/2025 23:58:05] "GET /static/core/img/logo-footer.png HTTP/1.0" 200 12716
[17/Nov/2025 23:58:05] "GET /static/core/img/social/linkedin.png HTTP/1.0" 200 290
[17/Nov/2025 23:58:05] "GET /static/core/img/social/tiktok.png HTTP/1.0" 200 335
[17/Nov/2025 23:58:05] "GET /static/core/video/fondo.mp4 HTTP/1.0" 200 5901386
[17/Nov/2025 23:58:07] "GET /accounts/login/ HTTP/1.0" 200 4123
[17/Nov/2025 23:58:22] "POST /accounts/login/ HTTP/1.0" 302 0
[17/Nov/2025 23:58:22] "GET / HTTP/1.0" 200 4650
[17/Nov/2025 23:58:45] "GET /accounts/plan/ HTTP/1.0" 200 5150
[17/Nov/2025 23:58:51] "POST /accounts/plan/ HTTP/1.0" 302 0
[17/Nov/2025 23:58:51] "GET /accounts/plan/checkout/ HTTP/1.0" 200 4895
[17/Nov/2025 23:58:57] "POST /accounts/plan/checkout/ HTTP/1.0" 302 0
[17/Nov/2025 23:58:57] "GET /accounts/admin/dashboard/ HTTP/1.0" 302 0
[17/Nov/2025 23:58:57] "GET /accounts/admin/select-account/ HTTP/1.0" 200 4462
[17/Nov/2025 23:59:28] "GET /accounts/admin/dashboard/ HTTP/1.0" 302 0
[17/Nov/2025 23:59:29] "GET /accounts/admin/select-account/ HTTP/1.0" 200 4122
[17/Nov/2025 23:59:34] "GET /accounts/admin/dashboard/ HTTP/1.0" 302 0
[17/Nov/2025 23:59:34] "GET /accounts/admin/select-account/ HTTP/1.0" 200 4248
[17/Nov/2025 23:59:45] "GET /accounts/super/cuentas/ HTTP/1.0" 200 4426
[17/Nov/2025 23:59:49] "GET /accounts/admin/select-account/ HTTP/1.0" 200 4122
[18/Nov/2025 00:00:31] "GET /accounts/admin/dashboard/ HTTP/1.0" 302 0
[18/Nov/2025 00:00:31] "GET /accounts/admin/select-account/ HTTP/1.0" 200 4248
[18/Nov/2025 00:00:33] "GET /accounts/admin/dashboard/ HTTP/1.0" 302 0
[18/Nov/2025 00:00:34] "GET /accounts/admin/select-account/ HTTP/1.0" 200 4248
[18/Nov/2025 00:00:36] "POST /accounts/admin/select-account/ HTTP/1.0" 302 0
[18/Nov/2025 00:00:37] "GET /accounts/admin/dashboard/ HTTP/1.0" 200 4505
[18/Nov/2025 00:00:41] "GET /events/ HTTP/1.0" 200 4098
[18/Nov/2025 00:00:42] "GET /events/crear/ HTTP/1.0" 200 5294
[18/Nov/2025 00:03:22] "POST /events/crear/ HTTP/1.0" 200 6135
[18/Nov/2025 00:05:39] "POST /events/crear/ HTTP/1.0" 302 0
[18/Nov/2025 00:05:39] "GET /events/ HTTP/1.0" 200 4669
[18/Nov/2025 00:05:48] "GET /tickets/1/ HTTP/1.0" 200 4158
[18/Nov/2025 00:05:49] "GET /tickets/1/crear/ HTTP/1.0" 200 5739
[18/Nov/2025 00:07:17] "POST /tickets/1/crear/ HTTP/1.0" 200 5906
[18/Nov/2025 00:07:23] "POST /tickets/1/crear/ HTTP/1.0" 200 5906
[18/Nov/2025 00:07:38] "POST /tickets/1/crear/ HTTP/1.0" 302 0
[18/Nov/2025 00:07:38] "GET /tickets/1/ HTTP/1.0" 200 4409
[18/Nov/2025 00:07:45] "GET /tickets/1/crear/ HTTP/1.0" 200 5739
[18/Nov/2025 00:08:25] "POST /tickets/1/crear/ HTTP/1.0" 302 0
[18/Nov/2025 00:08:25] "GET /tickets/1/ HTTP/1.0" 200 4714
[18/Nov/2025 00:08:32] "GET / HTTP/1.0" 200 5098
[18/Nov/2025 00:08:32] "GET /media/event_banners/aquasur.jpg HTTP/1.0" 200 622697
[18/Nov/2025 00:08:40] "GET / HTTP/1.0" 200 5098
[18/Nov/2025 00:08:41] "GET /media/event_banners/aquasur.jpg HTTP/1.0" 200 622697
[18/Nov/2025 00:08:46] "GET /orders/public/event/aquasur-2026/ HTTP/1.0" 200 6675
[18/Nov/2025 00:08:56] "GET /orders/public/event/aquasur-2026/comprar/ HTTP/1.0" 200 15741
[18/Nov/2025 00:09:27] "GET /orders/public/event/aquasur-2026/comprar/datos/ HTTP/1.0" 200 21687
[18/Nov/2025 00:09:27] "GET /accounts/api/profile/ HTTP/1.0" 200 146
[18/Nov/2025 00:10:32] "GET /orders/public/event/aquasur-2026/comprar/datos/ HTTP/1.0" 200 21687
[18/Nov/2025 00:10:32] "GET /accounts/api/profile/ HTTP/1.0" 200 146
[18/Nov/2025 00:10:45] "GET /orders/public/checkout/pay/aquasur-2026/ HTTP/1.0" 200 8585
[18/Nov/2025 00:10:45] "GET /static/orders/img/transbank-logo.png HTTP/1.0" 200 40188
[18/Nov/2025 00:10:47] "POST /orders/api/checkout/ HTTP/1.0" 201 68
[18/Nov/2025 00:10:48] "GET /orders/public/checkout/success/1/ HTTP/1.0" 200 9446
[18/Nov/2025 00:10:53] "GET /orders/public/checkout/1/pdf/ HTTP/1.0" 200 30276
[18/Nov/2025 00:11:28] "GET /static/core/video/fondo.mp4 HTTP/1.0" 304 0
[18/Nov/2025 00:11:35] "GET /orders/ HTTP/1.0" 302 0
[18/Nov/2025 00:11:35] "GET /accounts/admin/select-account/ HTTP/1.0" 200 4122
[18/Nov/2025 00:11:35] "GET /static/core/css/style.css HTTP/1.0" 304 0
[18/Nov/2025 00:11:35] "GET /static/core/img/logo-ticketef.png HTTP/1.0" 304 0
[18/Nov/2025 00:11:35] "GET /static/core/img/logo-footer.png HTTP/1.0" 304 0
[18/Nov/2025 00:11:35] "GET /static/core/img/social/facebook.png HTTP/1.0" 304 0
[18/Nov/2025 00:11:35] "GET /static/core/img/social/x.png HTTP/1.0" 304 0
[18/Nov/2025 00:11:35] "GET /static/core/img/social/instagram.png HTTP/1.0" 304 0
[18/Nov/2025 00:11:35] "GET /static/core/img/social/linkedin.png HTTP/1.0" 304 0
[18/Nov/2025 00:11:35] "GET /static/core/img/social/tiktok.png HTTP/1.0" 304 0
[18/Nov/2025 00:11:38] "GET /accounts/admin/select-account/ HTTP/1.0" 200 4122
[18/Nov/2025 00:11:39] "GET /accounts/admin/select-account/ HTTP/1.0" 200 4122
[18/Nov/2025 00:11:53] "GET /accounts/admin/select-account/ HTTP/1.0" 200 4122
[18/Nov/2025 00:12:08] "POST /accounts/logout/ HTTP/1.0" 302 0
[18/Nov/2025 00:12:08] "GET / HTTP/1.0" 200 4277
[18/Nov/2025 00:12:08] "GET /media/event_banners/aquasur.jpg HTTP/1.0" 304 0
[18/Nov/2025 00:12:10] "GET /accounts/login/ HTTP/1.0" 200 4123
[18/Nov/2025 00:12:40] "POST /accounts/login/ HTTP/1.0" 302 0
[18/Nov/2025 00:12:40] "GET / HTTP/1.0" 200 5140
[18/Nov/2025 00:12:44] "GET /orders/ HTTP/1.0" 302 0
[18/Nov/2025 00:12:44] "GET /accounts/admin/select-account/ HTTP/1.0" 200 4248
[18/Nov/2025 00:12:46] "POST /accounts/admin/select-account/ HTTP/1.0" 302 0
[18/Nov/2025 00:12:47] "GET /accounts/admin/dashboard/ HTTP/1.0" 200 4505
[18/Nov/2025 00:12:50] "GET /orders/ HTTP/1.0" 200 4221
[18/Nov/2025 00:12:53] "GET /orders/1/ HTTP/1.0" 200 15794
[18/Nov/2025 00:12:54] "GET /orders/ticket/16a20fa9-eeaa-4d00-9df5-30adf44eb8fa/qr.png HTTP/1.0" 200 681
[18/Nov/2025 00:12:54] "GET /orders/ticket/582c2711-c85b-4317-9717-1f8301f18fb1/qr.png HTTP/1.0" 200 719
[18/Nov/2025 00:12:54] "GET /orders/ticket/1cef6411-2e42-4f83-83f1-ebfc27863ae5/qr.png HTTP/1.0" 200 652
[18/Nov/2025 00:12:54] "GET /orders/ticket/a4a0799f-6f20-40e4-a54b-8bcd983dfe60/qr.png HTTP/1.0" 200 675
[18/Nov/2025 00:12:57] "GET /orders/validar/ HTTP/1.0" 200 14722
[18/Nov/2025 00:13:38] "GET /orders/validar/ HTTP/1.0" 200 14722
[18/Nov/2025 00:13:42] "GET /orders/validar/ HTTP/1.0" 200 14722
[18/Nov/2025 00:13:49] "GET /orders/validar/ HTTP/1.0" 200 14722
[18/Nov/2025 00:14:56] "GET / HTTP/1.0" 200 5098
[18/Nov/2025 00:14:56] "GET /static/core/css/style.css HTTP/1.0" 304 0
[18/Nov/2025 00:14:56] "GET /static/core/img/logo-ticketef.png HTTP/1.0" 304 0
[18/Nov/2025 00:14:56] "GET /media/event_banners/aquasur.jpg HTTP/1.0" 304 0
[18/Nov/2025 00:14:56] "GET /static/core/img/logo-footer.png HTTP/1.0" 304 0
[18/Nov/2025 00:14:57] "GET /static/core/img/social/facebook.png HTTP/1.0" 304 0
[18/Nov/2025 00:14:57] "GET /static/core/img/social/instagram.png HTTP/1.0" 304 0
[18/Nov/2025 00:14:57] "GET /static/core/img/social/x.png HTTP/1.0" 304 0
[18/Nov/2025 00:14:57] "GET /static/core/img/social/tiktok.png HTTP/1.0" 304 0
[18/Nov/2025 00:14:57] "GET /static/core/img/social/linkedin.png HTTP/1.0" 304 0
[18/Nov/2025 00:14:59] "GET /static/core/video/fondo.mp4 HTTP/1.0" 304 0
[18/Nov/2025 00:15:11] "GET /orders/public/event/aquasur-2026/ HTTP/1.0" 200 6675
[18/Nov/2025 00:15:43] "GET /orders/public/checkout/success/1/ HTTP/1.0" 200 8625
[18/Nov/2025 00:15:43] "GET /static/core/css/style.css HTTP/1.0" 200 11913
[18/Nov/2025 00:15:44] "GET /static/core/img/logo-ticketef.png HTTP/1.0" 200 16085
[18/Nov/2025 00:15:44] "GET /static/core/img/social/x.png HTTP/1.0" 200 438
[18/Nov/2025 00:15:44] "GET /static/core/img/logo-footer.png HTTP/1.0" 200 12716
[18/Nov/2025 00:15:44] "GET /static/core/img/social/instagram.png HTTP/1.0" 200 431
[18/Nov/2025 00:15:44] "GET /static/core/img/social/linkedin.png HTTP/1.0" 200 290
[18/Nov/2025 00:15:44] "GET /static/core/img/social/facebook.png HTTP/1.0" 200 277
[18/Nov/2025 00:15:44] "GET /static/core/img/social/tiktok.png HTTP/1.0" 200 335
Not Found: /favicon.ico
[18/Nov/2025 00:15:44] "GET /favicon.ico HTTP/1.0" 404 4649
[18/Nov/2025 00:15:45] "GET /accounts/login/ HTTP/1.0" 200 4123
[18/Nov/2025 00:15:52] "POST /accounts/login/ HTTP/1.0" 302 0
[18/Nov/2025 00:15:52] "GET / HTTP/1.0" 200 5140
[18/Nov/2025 00:15:52] "GET /media/event_banners/aquasur.jpg HTTP/1.0" 200 622697
[18/Nov/2025 00:15:52] "GET /static/core/video/fondo.mp4 HTTP/1.0" 200 5901386
[18/Nov/2025 00:15:55] "GET /orders/ HTTP/1.0" 302 0
[18/Nov/2025 00:15:55] "GET /accounts/admin/select-account/ HTTP/1.0" 200 4248
[18/Nov/2025 00:15:58] "POST /accounts/admin/select-account/ HTTP/1.0" 302 0
[18/Nov/2025 00:15:58] "GET /accounts/admin/dashboard/ HTTP/1.0" 200 4505
[18/Nov/2025 00:16:01] "GET /orders/validar/ HTTP/1.0" 200 14722
[18/Nov/2025 00:19:24] "GET /orders/ HTTP/1.0" 200 4221
[18/Nov/2025 00:19:58] "GET / HTTP/1.0" 200 4277
[18/Nov/2025 00:19:58] "GET /static/core/img/logo-ticketef.png HTTP/1.0" 200 16085
[18/Nov/2025 00:19:58] "GET /static/core/css/style.css HTTP/1.0" 200 11913
[18/Nov/2025 00:19:58] "GET /static/core/img/social/x.png HTTP/1.0" 200 438
[18/Nov/2025 00:19:58] "GET /static/core/img/logo-footer.png HTTP/1.0" 200 12716
[18/Nov/2025 00:19:58] "GET /static/core/img/social/facebook.png HTTP/1.0" 200 277
[18/Nov/2025 00:19:58] "GET /static/core/img/social/instagram.png HTTP/1.0" 200 431
[18/Nov/2025 00:19:58] "GET /media/event_banners/aquasur.jpg HTTP/1.0" 200 622697
[18/Nov/2025 00:19:58] "GET /static/core/img/social/linkedin.png HTTP/1.0" 200 290
[18/Nov/2025 00:19:58] "GET /static/core/img/social/tiktok.png HTTP/1.0" 200 335
[18/Nov/2025 00:19:58] "GET /static/core/video/fondo.mp4 HTTP/1.0" 200 5901386
Not Found: /favicon.ico
[18/Nov/2025 00:19:59] "GET /favicon.ico HTTP/1.0" 404 4649
[18/Nov/2025 00:21:30] "GET / HTTP/1.0" 200 5140
[18/Nov/2025 00:21:30] "GET /media/event_banners/aquasur.jpg HTTP/1.0" 304 0
[18/Nov/2025 00:21:51] "GET /accounts/admin/dashboard/ HTTP/1.0" 200 4505
[18/Nov/2025 00:21:52] "POST /accounts/logout/ HTTP/1.0" 302 0
[18/Nov/2025 00:21:53] "GET / HTTP/1.0" 200 4277
[18/Nov/2025 00:21:53] "GET /media/event_banners/aquasur.jpg HTTP/1.0" 304 0
Watching for file changes with StatReloader
[18/Nov/2025 11:08:06] "GET / HTTP/1.0" 200 5098
[18/Nov/2025 11:08:06] "GET /static/core/css/style.css HTTP/1.0" 304 0
[18/Nov/2025 11:08:06] "GET /media/event_banners/aquasur.jpg HTTP/1.0" 304 0
[18/Nov/2025 11:08:06] "GET /static/core/img/logo-ticketef.png HTTP/1.0" 304 0
[18/Nov/2025 11:08:06] "GET /static/core/img/logo-footer.png HTTP/1.0" 304 0
[18/Nov/2025 11:08:07] "GET /static/core/img/social/instagram.png HTTP/1.0" 304 0
[18/Nov/2025 11:08:07] "GET /static/core/img/social/facebook.png HTTP/1.0" 304 0
[18/Nov/2025 11:08:07] "GET /static/core/img/social/x.png HTTP/1.0" 304 0
[18/Nov/2025 11:08:07] "GET /static/core/img/social/linkedin.png HTTP/1.0" 304 0
[18/Nov/2025 11:08:07] "GET /static/core/img/social/tiktok.png HTTP/1.0" 304 0
[18/Nov/2025 11:08:07] "GET /static/core/video/fondo.mp4 HTTP/1.0" 304 0
Not Found: /favicon.ico
[18/Nov/2025 11:08:07] "GET /favicon.ico HTTP/1.0" 404 4649
[18/Nov/2025 11:08:44] "POST /accounts/logout/ HTTP/1.0" 302 0
[18/Nov/2025 11:08:44] "GET / HTTP/1.0" 200 4277
[18/Nov/2025 11:11:58] "GET / HTTP/1.0" 200 4277
[18/Nov/2025 11:11:59] "GET /static/core/css/style.css HTTP/1.0" 200 11913
[18/Nov/2025 11:11:59] "GET /static/core/img/logo-ticketef.png HTTP/1.0" 200 16085
[18/Nov/2025 11:11:59] "GET /static/core/img/social/instagram.png HTTP/1.0" 200 431
[18/Nov/2025 11:11:59] "GET /static/core/img/logo-footer.png HTTP/1.0" 200 12716
[18/Nov/2025 11:11:59] "GET /static/core/img/social/facebook.png HTTP/1.0" 200 277
[18/Nov/2025 11:11:59] "GET /media/event_banners/aquasur.jpg HTTP/1.0" 200 622697
[18/Nov/2025 11:11:59] "GET /static/core/img/social/x.png HTTP/1.0" 200 438
[18/Nov/2025 11:11:59] "GET /static/core/img/social/linkedin.png HTTP/1.0" 200 290
[18/Nov/2025 11:11:59] "GET /static/core/img/social/tiktok.png HTTP/1.0" 200 335
[18/Nov/2025 11:11:59] "GET /static/core/video/fondo.mp4 HTTP/1.0" 200 5901386
Not Found: /favicon.ico
[18/Nov/2025 11:11:59] "GET /favicon.ico HTTP/1.0" 404 4653
[18/Nov/2025 11:13:22] "GET / HTTP/1.0" 200 5140
[18/Nov/2025 11:13:22] "GET /static/core/img/logo-ticketef.png HTTP/1.0" 304 0
[18/Nov/2025 11:13:22] "GET /static/core/css/style.css HTTP/1.0" 304 0
[18/Nov/2025 11:13:23] "GET /media/event_banners/aquasur.jpg HTTP/1.0" 304 0
[18/Nov/2025 11:13:23] "GET /static/core/img/logo-footer.png HTTP/1.0" 304 0
[18/Nov/2025 11:13:23] "GET /static/core/img/social/instagram.png HTTP/1.0" 304 0
[18/Nov/2025 11:13:23] "GET /static/core/img/social/facebook.png HTTP/1.0" 304 0
[18/Nov/2025 11:13:23] "GET /static/core/img/social/x.png HTTP/1.0" 304 0
[18/Nov/2025 11:13:23] "GET /static/core/img/social/linkedin.png HTTP/1.0" 304 0
[18/Nov/2025 11:13:23] "GET /static/core/img/social/tiktok.png HTTP/1.0" 304 0
[18/Nov/2025 11:13:23] "GET /static/core/video/fondo.mp4 HTTP/1.0" 304 0
Not Found: /favicon.ico
[18/Nov/2025 11:13:23] "GET /favicon.ico HTTP/1.0" 404 4649
[18/Nov/2025 11:13:29] "POST /accounts/logout/ HTTP/1.0" 302 0
[18/Nov/2025 11:13:29] "GET / HTTP/1.0" 200 4277
[18/Nov/2025 11:13:32] "GET /accounts/login/ HTTP/1.0" 200 4123
[18/Nov/2025 11:13:36] "POST /accounts/login/ HTTP/1.0" 302 0
[18/Nov/2025 11:13:37] "GET / HTTP/1.0" 200 5098
[18/Nov/2025 11:14:23] "GET /accounts/admin/select-account/ HTTP/1.0" 200 4122
[18/Nov/2025 11:14:33] "GET /accounts/super/cuentas/ HTTP/1.0" 200 4426
[18/Nov/2025 11:14:43] "GET / HTTP/1.0" 200 5098
[18/Nov/2025 11:15:34] "GET /accounts/admin/select-account/ HTTP/1.0" 200 4122
[18/Nov/2025 11:15:34] "GET /accounts/super/cuentas/ HTTP/1.0" 200 4426
[18/Nov/2025 11:15:37] "GET /accounts/super/cuentas/crear/ HTTP/1.0" 200 4874
[18/Nov/2025 11:15:50] "GET / HTTP/1.0" 200 5098
Watching for file changes with StatReloader
[18/Nov/2025 11:31:42] "GET / HTTP/1.0" 200 4277
[18/Nov/2025 11:31:43] "GET / HTTP/1.0" 200 5098
[18/Nov/2025 11:33:10] "POST /accounts/logout/ HTTP/1.0" 302 0
[18/Nov/2025 11:33:10] "GET / HTTP/1.0" 200 4277
[18/Nov/2025 11:33:51] "GET /accounts/login/ HTTP/1.0" 200 4123
[18/Nov/2025 11:33:58] "POST /accounts/login/ HTTP/1.0" 302 0
[18/Nov/2025 11:33:59] "GET / HTTP/1.0" 200 5098
[18/Nov/2025 11:34:06] "GET /accounts/admin/select-account/ HTTP/1.0" 200 4122
[18/Nov/2025 11:34:11] "GET /accounts/super/cuentas/ HTTP/1.0" 200 4426
[18/Nov/2025 11:34:17] "GET /accounts/super/cuentas/crear/ HTTP/1.0" 200 4874
[18/Nov/2025 11:34:42] "POST /accounts/super/cuentas/crear/ HTTP/1.0" 302 0
[18/Nov/2025 11:34:42] "GET /accounts/super/cuentas/ HTTP/1.0" 200 4889
[18/Nov/2025 11:34:53] "GET /accounts/super/cuentas/b82cb29a-3cf3-4c82-a396-372a1cd58467/admins/ HTTP/1.0" 200 4159
[18/Nov/2025 11:34:59] "GET /accounts/super/cuentas/ HTTP/1.0" 200 4889
[18/Nov/2025 11:35:03] "GET /accounts/super/cuentas/b82cb29a-3cf3-4c82-a396-372a1cd58467/asignar-admin/ HTTP/1.0" 200 4780
[18/Nov/2025 11:35:43] "POST /accounts/super/cuentas/b82cb29a-3cf3-4c82-a396-372a1cd58467/asignar-admin/ HTTP/1.0" 302 0
[18/Nov/2025 11:35:43] "GET /accounts/super/cuentas/b82cb29a-3cf3-4c82-a396-372a1cd58467/admins/ HTTP/1.0" 302 0
[18/Nov/2025 11:35:44] "GET /accounts/login/?next=/accounts/super/cuentas/b82cb29a-3cf3-4c82-a396-372a1cd58467/admins/ HTTP/1.0" 200 4364
[18/Nov/2025 11:35:54] "POST /accounts/login/?next=/accounts/super/cuentas/b82cb29a-3cf3-4c82-a396-372a1cd58467/admins/ HTTP/1.0" 302 0
[18/Nov/2025 11:35:54] "GET /accounts/super/cuentas/b82cb29a-3cf3-4c82-a396-372a1cd58467/admins/ HTTP/1.0" 200 5125
[18/Nov/2025 11:36:02] "GET /accounts/super/cuentas/ HTTP/1.0" 200 4889
[18/Nov/2025 11:36:04] "GET /accounts/super/cuentas/b82cb29a-3cf3-4c82-a396-372a1cd58467/admins/ HTTP/1.0" 200 5125
[18/Nov/2025 11:36:08] "GET /accounts/super/cuentas/ HTTP/1.0" 200 4889
[18/Nov/2025 11:36:13] "GET /accounts/admin/dashboard/ HTTP/1.0" 302 0
[18/Nov/2025 11:36:13] "GET /accounts/admin/select-account/ HTTP/1.0" 200 4207
[18/Nov/2025 11:36:17] "POST /accounts/admin/select-account/ HTTP/1.0" 302 0
[18/Nov/2025 11:36:18] "GET /accounts/admin/dashboard/ HTTP/1.0" 200 4235
[18/Nov/2025 11:36:35] "GET /events/ HTTP/1.0" 200 4058
[18/Nov/2025 11:36:39] "GET /events/crear/ HTTP/1.0" 200 5252
[18/Nov/2025 11:37:43] "POST /events/crear/ HTTP/1.0" 302 0
[18/Nov/2025 11:37:44] "GET /events/ HTTP/1.0" 200 4619
[18/Nov/2025 11:38:01] "GET /events/2/editar/ HTTP/1.0" 200 5577
[18/Nov/2025 11:38:06] "POST /events/2/editar/ HTTP/1.0" 302 0
[18/Nov/2025 11:38:06] "GET /events/ HTTP/1.0" 200 4629
[18/Nov/2025 11:38:19] "GET /orders/analytics/2/ HTTP/1.0" 200 12249
[18/Nov/2025 11:38:35] "GET /tickets/2/ HTTP/1.0" 200 4122
[18/Nov/2025 11:38:39] "GET /tickets/2/crear/ HTTP/1.0" 200 5703
[18/Nov/2025 11:39:46] "POST /tickets/2/crear/ HTTP/1.0" 302 0
[18/Nov/2025 11:39:46] "GET /tickets/2/ HTTP/1.0" 200 4375
[18/Nov/2025 11:39:54] "GET /tickets/2/crear/ HTTP/1.0" 200 5703
[18/Nov/2025 11:40:25] "POST /tickets/2/crear/ HTTP/1.0" 302 0
[18/Nov/2025 11:40:25] "GET /tickets/2/ HTTP/1.0" 200 4693
[18/Nov/2025 11:40:31] "GET /events/ HTTP/1.0" 200 4629
[18/Nov/2025 11:40:33] "GET /accounts/admin/dashboard/ HTTP/1.0" 200 4235
[18/Nov/2025 11:40:38] "GET / HTTP/1.0" 200 5509
[18/Nov/2025 11:40:38] "GET /media/event_banners/COnect.jpg HTTP/1.0" 200 210101
[18/Nov/2025 11:40:47] "GET / HTTP/1.0" 200 4688
Not Found: /favicon.ico
[18/Nov/2025 11:40:47] "GET /favicon.ico HTTP/1.0" 404 4649
Not Found: /favicon.png
[18/Nov/2025 11:40:47] "GET /favicon.png HTTP/1.0" 404 4649
[18/Nov/2025 11:41:02] "GET /orders/public/event/feria-laboral/ HTTP/1.0" 200 6264
[18/Nov/2025 11:41:02] "GET /media/event_banners/COnect.jpg HTTP/1.0" 304 0
[18/Nov/2025 11:41:22] "POST /accounts/logout/ HTTP/1.0" 302 0
[18/Nov/2025 11:41:22] "GET / HTTP/1.0" 200 4688
[18/Nov/2025 11:41:22] "GET /media/event_banners/COnect.jpg HTTP/1.0" 304 0
[18/Nov/2025 11:41:26] "GET /orders/public/event/feria-laboral/ HTTP/1.0" 200 5443
[18/Nov/2025 11:41:33] "GET /orders/public/event/feria-laboral/comprar/ HTTP/1.0" 200 14961
[18/Nov/2025 11:42:00] "GET /orders/public/event/feria-laboral/comprar/datos/ HTTP/1.0" 200 20614
[18/Nov/2025 11:42:00] "GET /accounts/api/profile/ HTTP/1.0" 302 0
[18/Nov/2025 11:42:00] "GET /accounts/login/?next=/accounts/api/profile/ HTTP/1.0" 200 4123
[18/Nov/2025 11:44:49] "GET /orders/public/checkout/pay/feria-laboral/ HTTP/1.0" 200 7767
[18/Nov/2025 11:44:49] "GET /static/orders/img/transbank-logo.png HTTP/1.0" 200 40188
[18/Nov/2025 11:45:18] "POST /orders/api/checkout/ HTTP/1.0" 201 68
[18/Nov/2025 11:45:18] "GET /orders/public/checkout/success/2/ HTTP/1.0" 200 8078
[18/Nov/2025 11:46:09] "GET /orders/public/checkout/2/pdf/ HTTP/1.0" 200 22299
[18/Nov/2025 11:46:34] "GET /orders/public/event/feria-laboral/ HTTP/1.0" 200 5443
[18/Nov/2025 11:46:34] "GET /media/event_banners/COnect.jpg HTTP/1.0" 304 0
[18/Nov/2025 11:46:46] "GET / HTTP/1.0" 200 4688
[18/Nov/2025 11:46:49] "GET /orders/public/event/feria-laboral/ HTTP/1.0" 200 5443
[18/Nov/2025 11:46:52] "GET /orders/public/event/feria-laboral/comprar/ HTTP/1.0" 200 14961
[18/Nov/2025 11:47:01] "POST /orders/api/promo/validar/ HTTP/1.0" 200 109
[18/Nov/2025 11:47:21] "GET /orders/public/event/feria-laboral/ HTTP/1.0" 200 5443
[18/Nov/2025 11:47:28] "GET /accounts/login/ HTTP/1.0" 200 4123
[18/Nov/2025 11:47:33] "POST /accounts/login/ HTTP/1.0" 302 0
[18/Nov/2025 11:47:33] "GET / HTTP/1.0" 200 5509
[18/Nov/2025 11:47:33] "GET /media/event_banners/COnect.jpg HTTP/1.0" 304 0
[18/Nov/2025 11:47:35] "GET /accounts/super/cuentas/ HTTP/1.0" 200 4889
[18/Nov/2025 11:47:36] "GET /accounts/admin/dashboard/ HTTP/1.0" 302 0
[18/Nov/2025 11:47:37] "GET /accounts/admin/select-account/ HTTP/1.0" 200 4207
[18/Nov/2025 11:47:38] "POST /accounts/admin/select-account/ HTTP/1.0" 302 0
[18/Nov/2025 11:47:39] "GET /accounts/admin/dashboard/ HTTP/1.0" 200 4235
[18/Nov/2025 11:47:42] "GET /orders/ HTTP/1.0" 200 4182
[18/Nov/2025 11:47:49] "GET /orders/2/ HTTP/1.0" 200 13130
[18/Nov/2025 11:47:49] "GET /orders/ticket/36a1e1dd-5896-415b-bf7e-b4978e50bb41/qr.png HTTP/1.0" 200 705
[18/Nov/2025 11:47:49] "GET /orders/ticket/e5a80553-949a-484b-8c8e-96eeb1592451/qr.png HTTP/1.0" 200 717
[18/Nov/2025 11:47:49] "GET /orders/ticket/4545a135-a4a1-4cb5-b4c0-a6b9082bb737/qr.png HTTP/1.0" 200 712
[18/Nov/2025 11:48:40] "GET /orders/validar/ HTTP/1.0" 200 14680
[18/Nov/2025 11:49:30] "POST /orders/validate/36a1e1dd-5896-415b-bf7e-b4978e50bb41/ HTTP/1.0" 200 126
Not Found: /favicon.ico
[18/Nov/2025 11:49:30] "GET /favicon.ico HTTP/1.0" 404 4649
Not Found: /favicon.ico
[18/Nov/2025 11:49:30] "GET /favicon.ico HTTP/1.0" 404 4649
Conflict: /orders/validate/36a1e1dd-5896-415b-bf7e-b4978e50bb41/
[18/Nov/2025 11:49:41] "POST /orders/validate/36a1e1dd-5896-415b-bf7e-b4978e50bb41/ HTTP/1.0" 409 143
[18/Nov/2025 11:49:57] "GET /orders/2/ HTTP/1.0" 200 13149
[18/Nov/2025 11:49:57] "GET /orders/ticket/36a1e1dd-5896-415b-bf7e-b4978e50bb41/qr.png HTTP/1.0" 200 705
[18/Nov/2025 11:49:57] "GET /orders/ticket/e5a80553-949a-484b-8c8e-96eeb1592451/qr.png HTTP/1.0" 200 717
[18/Nov/2025 11:49:57] "GET /orders/ticket/4545a135-a4a1-4cb5-b4c0-a6b9082bb737/qr.png HTTP/1.0" 200 712
[18/Nov/2025 11:50:10] "POST /orders/validate/4545a135-a4a1-4cb5-b4c0-a6b9082bb737/ HTTP/1.0" 200 119
Conflict: /orders/validate/4545a135-a4a1-4cb5-b4c0-a6b9082bb737/
[18/Nov/2025 11:50:17] "POST /orders/validate/4545a135-a4a1-4cb5-b4c0-a6b9082bb737/ HTTP/1.0" 409 136
[18/Nov/2025 11:50:22] "GET /orders/2/ HTTP/1.0" 200 13168
[18/Nov/2025 11:50:22] "GET /orders/ticket/36a1e1dd-5896-415b-bf7e-b4978e50bb41/qr.png HTTP/1.0" 200 705
[18/Nov/2025 11:50:22] "GET /orders/ticket/e5a80553-949a-484b-8c8e-96eeb1592451/qr.png HTTP/1.0" 200 717
[18/Nov/2025 11:50:22] "GET /orders/ticket/4545a135-a4a1-4cb5-b4c0-a6b9082bb737/qr.png HTTP/1.0" 200 712
[18/Nov/2025 11:50:35] "GET /accounts/admin/dashboard/ HTTP/1.0" 200 4235
[18/Nov/2025 11:50:41] "GET /events/ HTTP/1.0" 200 4629
[18/Nov/2025 11:50:45] "GET /orders/analytics/2/ HTTP/1.0" 200 12630
[18/Nov/2025 11:50:51] "GET / HTTP/1.0" 200 4688
[18/Nov/2025 11:51:18] "GET /orders/analytics/2/export/ HTTP/1.0" 200 360
[18/Nov/2025 11:51:55] "GET /accounts/admin/dashboard/ HTTP/1.0" 200 4235
[18/Nov/2025 11:52:03] "GET /tickets/descuentos/ HTTP/1.0" 200 4274
[18/Nov/2025 11:52:06] "GET /tickets/descuentos/crear/ HTTP/1.0" 200 6360
[18/Nov/2025 11:53:11] "POST /tickets/descuentos/crear/ HTTP/1.0" 302 0
[18/Nov/2025 11:53:11] "GET /tickets/descuentos/ HTTP/1.0" 200 4497
[18/Nov/2025 11:53:20] "GET / HTTP/1.0" 200 5509
[18/Nov/2025 11:53:20] "GET /media/event_banners/COnect.jpg HTTP/1.0" 304 0
[18/Nov/2025 11:53:23] "GET /orders/public/event/feria-laboral/ HTTP/1.0" 200 6264
[18/Nov/2025 11:53:25] "GET /orders/public/event/feria-laboral/comprar/ HTTP/1.0" 200 15782
Bad Request: /orders/api/promo/validar/
[18/Nov/2025 11:53:31] "POST /orders/api/promo/validar/ HTTP/1.0" 400 73
[18/Nov/2025 11:54:03] "POST /tickets/descuentos/crear/ HTTP/1.0" 200 6509
[18/Nov/2025 11:54:10] "GET /orders/public/event/feria-laboral/comprar/ HTTP/1.0" 200 15782
Bad Request: /orders/api/promo/validar/
[18/Nov/2025 11:54:13] "POST /orders/api/promo/validar/ HTTP/1.0" 400 73
[18/Nov/2025 11:54:17] "GET / HTTP/1.0" 200 5509
[18/Nov/2025 11:54:24] "GET /accounts/admin/dashboard/ HTTP/1.0" 200 4235
[18/Nov/2025 11:54:26] "GET /tickets/descuentos/ HTTP/1.0" 200 4497
[18/Nov/2025 11:54:46] "GET /events/ HTTP/1.0" 200 4629
[18/Nov/2025 11:54:49] "GET /accounts/admin/dashboard/ HTTP/1.0" 200 4235
[18/Nov/2025 11:54:51] "GET /accounts/super/cuentas/ HTTP/1.0" 200 4889
[18/Nov/2025 11:54:53] "GET /accounts/super/cuentas/b82cb29a-3cf3-4c82-a396-372a1cd58467/admins/ HTTP/1.0" 200 5125
[18/Nov/2025 11:55:02] "GET /accounts/super/cuentas/ HTTP/1.0" 200 4889
[18/Nov/2025 11:55:03] "GET /accounts/admin/dashboard/ HTTP/1.0" 200 4235
[18/Nov/2025 11:55:15] "GET /accounts/super/cuentas/ HTTP/1.0" 200 4889
[18/Nov/2025 11:55:21] "GET /accounts/super/cuentas/ HTTP/1.0" 200 4889
[18/Nov/2025 11:55:24] "GET /accounts/super/cuentas/b82cb29a-3cf3-4c82-a396-372a1cd58467/admins/ HTTP/1.0" 200 5125
[18/Nov/2025 11:55:28] "GET /accounts/super/cuentas/ HTTP/1.0" 200 4889
[18/Nov/2025 11:55:30] "GET /accounts/super/cuentas/b82cb29a-3cf3-4c82-a396-372a1cd58467/asignar-admin/ HTTP/1.0" 200 4780
[18/Nov/2025 11:55:52] "POST /accounts/super/cuentas/b82cb29a-3cf3-4c82-a396-372a1cd58467/asignar-admin/ HTTP/1.0" 302 0
[18/Nov/2025 11:55:52] "GET /accounts/super/cuentas/b82cb29a-3cf3-4c82-a396-372a1cd58467/admins/ HTTP/1.0" 200 6420
[18/Nov/2025 11:56:03] "POST /accounts/logout/ HTTP/1.0" 302 0
[18/Nov/2025 11:56:03] "GET / HTTP/1.0" 200 4688
[18/Nov/2025 11:56:03] "GET /media/event_banners/COnect.jpg HTTP/1.0" 304 0
[18/Nov/2025 11:56:05] "GET /accounts/login/ HTTP/1.0" 200 4123
[18/Nov/2025 11:56:12] "POST /accounts/login/ HTTP/1.0" 302 0
[18/Nov/2025 11:56:12] "GET / HTTP/1.0" 200 5519
[18/Nov/2025 11:56:20] "GET /accounts/plan/ HTTP/1.0" 200 5152
[18/Nov/2025 11:56:29] "POST /accounts/plan/ HTTP/1.0" 302 0
[18/Nov/2025 11:56:29] "GET /accounts/plan/checkout/ HTTP/1.0" 200 4897
[18/Nov/2025 11:56:34] "POST /accounts/plan/checkout/ HTTP/1.0" 302 0
[18/Nov/2025 11:56:34] "GET /accounts/admin/dashboard/ HTTP/1.0" 302 0
[18/Nov/2025 11:56:34] "GET /accounts/admin/select-account/ HTTP/1.0" 200 4464
[18/Nov/2025 11:56:42] "GET /accounts/admin/dashboard/ HTTP/1.0" 302 0
[18/Nov/2025 11:56:42] "GET /accounts/admin/select-account/ HTTP/1.0" 200 4250
[18/Nov/2025 11:56:44] "GET /orders/ HTTP/1.0" 302 0
[18/Nov/2025 11:56:44] "GET /accounts/admin/select-account/ HTTP/1.0" 200 4250
[18/Nov/2025 11:56:44] "GET /accounts/admin/dashboard/ HTTP/1.0" 302 0
[18/Nov/2025 11:56:45] "GET /accounts/admin/select-account/ HTTP/1.0" 200 4250
[18/Nov/2025 11:56:46] "POST /accounts/admin/select-account/ HTTP/1.0" 302 0
[18/Nov/2025 11:56:46] "GET /accounts/admin/dashboard/ HTTP/1.0" 200 4507
[18/Nov/2025 11:56:56] "GET /accounts/plan/live-heatmap/ HTTP/1.0" 200 4379
[18/Nov/2025 11:57:13] "GET /accounts/admin/dashboard/ HTTP/1.0" 200 4507
[18/Nov/2025 11:57:16] "GET /accounts/plan/reportes-premium/ HTTP/1.0" 200 4805
[18/Nov/2025 11:57:27] "GET /accounts/admin/dashboard/ HTTP/1.0" 200 4507
[18/Nov/2025 11:57:36] "GET / HTTP/1.0" 200 5551
[18/Nov/2025 11:57:45] "GET /accounts/perfil/ HTTP/1.0" 200 6845
[18/Nov/2025 11:58:02] "POST /accounts/logout/ HTTP/1.0" 302 0
[18/Nov/2025 11:58:02] "GET / HTTP/1.0" 200 4688
[18/Nov/2025 11:58:02] "GET /media/event_banners/COnect.jpg HTTP/1.0" 304 0
[18/Nov/2025 11:58:05] "GET /accounts/login/ HTTP/1.0" 200 4123
[18/Nov/2025 11:58:08] "POST /accounts/login/ HTTP/1.0" 302 0
[18/Nov/2025 11:58:08] "GET / HTTP/1.0" 200 5509
[18/Nov/2025 11:58:16] "POST /accounts/logout/ HTTP/1.0" 302 0
[18/Nov/2025 11:58:17] "GET / HTTP/1.0" 200 4688
[18/Nov/2025 11:58:21] "GET /accounts/login/ HTTP/1.0" 200 4123
[18/Nov/2025 11:58:27] "GET /accounts/register/ HTTP/1.0" 200 14374
[18/Nov/2025 11:58:41] "GET /accounts/login/ HTTP/1.0" 200 4123
[18/Nov/2025 11:58:45] "GET / HTTP/1.0" 200 4688
Watching for file changes with StatReloader
[18/Nov/2025 12:02:10] "GET / HTTP/1.0" 200 4688
[18/Nov/2025 12:02:10] "GET /media/event_banners/COnect.jpg HTTP/1.0" 200 210101
[18/Nov/2025 12:02:15] "GET / HTTP/1.0" 200 4688
[18/Nov/2025 14:09:41] "GET / HTTP/1.0" 200 4688
